This file contains any messages produced by compilers while
running configure, to aid debugging if configure makes a mistake.

It was created by log4cpp configure 1.0, which was
generated by GNU Autoconf 2.61.  Invocation command line was

  $ ./configure 

## --------- ##
## Platform. ##
## --------- ##

hostname = 2012-0210-1021
uname -m = i686
uname -r = 1.0.17(0.48/3/2)
uname -s = MINGW32_NT-6.1
uname -v = 2011-04-24 23:39

/usr/bin/uname -p = unknown
/bin/uname -X     = unknown

/bin/arch              = unknown
/usr/bin/arch -k       = unknown
/usr/convex/getsysinfo = unknown
/usr/bin/hostinfo      = unknown
/bin/machine           = unknown
/usr/bin/oslevel       = unknown
/bin/universe          = unknown

PATH: .
PATH: /usr/local/bin
PATH: /mingw/bin
PATH: /bin
PATH: /c/Program Files/Intel/iCLS Client/
PATH: /c/Windows/system32
PATH: /c/Windows
PATH: /c/Windows/System32/Wbem
PATH: /c/Windows/System32/WindowsPowerShell/v1.0ell/v1.0
PATH: /mingw/bin


## ----------- ##
## Core tests. ##
## ----------- ##

configure:2021: checking for a BSD-compatible install
configure:2077: result: /bin/install -c
configure:2088: checking whether build environment is sane
configure:2131: result: yes
configure:2159: checking for a thread-safe mkdir -p
configure:2198: result: /bin/mkdir -p
configure:2211: checking for gawk
configure:2227: found /bin/gawk
configure:2238: result: gawk
configure:2249: checking whether make sets $(MAKE)
configure:2270: result: yes
configure:2476: checking build system type
configure:2494: result: i686-pc-mingw32
configure:2516: checking host system type
configure:2531: result: i686-pc-mingw32
configure:2654: checking for style of include used by make
configure:2682: result: GNU
configure:2752: checking for gcc
configure:2768: found /mingw/bin/gcc
configure:2779: result: gcc
configure:3017: checking for C compiler version
configure:3024: gcc --version >&5
gcc.exe (GCC) 4.6.1
Copyright (C) 2011 Free Software Foundation, Inc.
This is free software; see the source for copying conditions.  There is NO
warranty; not even for MERCHANTABILITY or FITNESS FOR A PARTICULAR PURPOSE.

configure:3027: $? = 0
configure:3034: gcc -v >&5
Using built-in specs.
COLLECT_GCC=C:\MinGW\bin\gcc.exe
COLLECT_LTO_WRAPPER=c:/mingw/bin/../libexec/gcc/mingw32/4.6.1/lto-wrapper.exe
Target: mingw32
Configured with: ../gcc-4.6.1/configure --enable-languages=c,c++,fortran,objc,obj-c++ --disable-sjlj-exceptions --with-dwarf2 --enable-shared --enable-libgomp --disable-win32-registry --enable-libstdcxx-debug --enable-version-specific-runtime-libs --build=mingw32 --prefix=/mingw
Thread model: win32
gcc version 4.6.1 (GCC) 
configure:3037: $? = 0
configure:3044: gcc -V >&5
gcc.exe: error: unrecognized option '-V'
gcc.exe: fatal error: no input files
compilation terminated.
configure:3047: $? = 1
configure:3070: checking for C compiler default output file name
configure:3097: gcc    conftest.c  >&5
configure:3100: $? = 0
configure:3138: result: a.exe
configure:3155: checking whether the C compiler works
configure:3165: ./a.exe
configure:3168: $? = 0
configure:3185: result: yes
configure:3192: checking whether we are cross compiling
configure:3194: result: no
configure:3197: checking for suffix of executables
configure:3204: gcc -o conftest.exe    conftest.c  >&5
configure:3207: $? = 0
configure:3231: result: .exe
configure:3237: checking for suffix of object files
configure:3263: gcc -c   conftest.c >&5
configure:3266: $? = 0
configure:3289: result: o
configure:3293: checking whether we are using the GNU C compiler
configure:3322: gcc -c   conftest.c >&5
configure:3328: $? = 0
configure:3345: result: yes
configure:3350: checking whether gcc accepts -g
configure:3380: gcc -c -g  conftest.c >&5
configure:3386: $? = 0
configure:3485: result: yes
configure:3502: checking for gcc option to accept ISO C89
configure:3576: gcc  -c -g -O2  conftest.c >&5
configure:3582: $? = 0
configure:3605: result: none needed
configure:3625: checking dependency style of gcc
configure:3716: result: gcc3
configure:3731: checking for a sed that does not truncate output
configure:3787: result: /bin/sed
configure:3790: checking for grep that handles long lines and -e
configure:3864: result: /bin/grep
configure:3869: checking for egrep
configure:3947: result: /bin/grep -E
configure:3963: checking for ld used by gcc
configure:4030: result: c:/mingw/mingw32/bin/ld.exe
configure:4039: checking if the linker (c:/mingw/mingw32/bin/ld.exe) is GNU ld
configure:4054: result: yes
configure:4059: checking for c:/mingw/mingw32/bin/ld.exe option to reload object files
configure:4066: result: -r
configure:4084: checking for BSD-compatible nm
configure:4133: result: /mingw/bin/nm
configure:4137: checking whether ln -s works
configure:4144: result: no, using cp -p
configure:4148: checking how to recognize dependent libraries
configure:4334: result: file_magic ^x86 archive import|^x86 DLL
configure:4575: checking how to run the C preprocessor
configure:4615: gcc -E  conftest.c
configure:4621: $? = 0
configure:4652: gcc -E  conftest.c
conftest.c:10:28: fatal error: ac_nonexistent.h: No such file or directory
compilation terminated.
configure:4658: $? = 1
configure: failed program was:
| /* confdefs.h.  */
| #define PACKAGE_NAME "log4cpp"
| #define PACKAGE_TARNAME "log4cpp"
| #define PACKAGE_VERSION "1.0"
| #define PACKAGE_STRING "log4cpp 1.0"
| #define PACKAGE_BUGREPORT ""
| #define PACKAGE "log4cpp"
| #define VERSION "1.0"
| /* end confdefs.h.  */
| #include <ac_nonexistent.h>
configure:4691: result: gcc -E
configure:4720: gcc -E  conftest.c
configure:4726: $? = 0
configure:4757: gcc -E  conftest.c
conftest.c:10:28: fatal error: ac_nonexistent.h: No such file or directory
compilation terminated.
configure:4763: $? = 1
configure: failed program was:
| /* confdefs.h.  */
| #define PACKAGE_NAME "log4cpp"
| #define PACKAGE_TARNAME "log4cpp"
| #define PACKAGE_VERSION "1.0"
| #define PACKAGE_STRING "log4cpp 1.0"
| #define PACKAGE_BUGREPORT ""
| #define PACKAGE "log4cpp"
| #define VERSION "1.0"
| /* end confdefs.h.  */
| #include <ac_nonexistent.h>
configure:4801: checking for ANSI C header files
configure:4831: gcc -c -g -O2  conftest.c >&5
configure:4837: $? = 0
configure:4936: gcc -o conftest.exe -g -O2   conftest.c  >&5
configure:4939: $? = 0
configure:4945: ./conftest.exe
configure:4948: $? = 0
configure:4965: result: yes
configure:4989: checking for sys/types.h
configure:5010: gcc -c -g -O2  conftest.c >&5
configure:5016: $? = 0
configure:5032: result: yes
configure:4989: checking for sys/stat.h
configure:5010: gcc -c -g -O2  conftest.c >&5
configure:5016: $? = 0
configure:5032: result: yes
configure:4989: checking for stdlib.h
configure:5010: gcc -c -g -O2  conftest.c >&5
configure:5016: $? = 0
configure:5032: result: yes
configure:4989: checking for string.h
configure:5010: gcc -c -g -O2  conftest.c >&5
configure:5016: $? = 0
configure:5032: result: yes
configure:4989: checking for memory.h
configure:5010: gcc -c -g -O2  conftest.c >&5
configure:5016: $? = 0
configure:5032: result: yes
configure:4989: checking for strings.h
configure:5010: gcc -c -g -O2  conftest.c >&5
configure:5016: $? = 0
configure:5032: result: yes
configure:4989: checking for inttypes.h
configure:5010: gcc -c -g -O2  conftest.c >&5
configure:5016: $? = 0
configure:5032: result: yes
configure:4989: checking for stdint.h
configure:5010: gcc -c -g -O2  conftest.c >&5
configure:5016: $? = 0
configure:5032: result: yes
configure:4989: checking for unistd.h
configure:5010: gcc -c -g -O2  conftest.c >&5
configure:5016: $? = 0
configure:5032: result: yes
configure:5059: checking dlfcn.h usability
configure:5076: gcc -c -g -O2  conftest.c >&5
conftest.c:53:19: fatal error: dlfcn.h: No such file or directory
compilation terminated.
configure:5082: $? = 1
configure: failed program was:
| /* confdefs.h.  */
| #define PACKAGE_NAME "log4cpp"
| #define PACKAGE_TARNAME "log4cpp"
| #define PACKAGE_VERSION "1.0"
| #define PACKAGE_STRING "log4cpp 1.0"
| #define PACKAGE_BUGREPORT ""
| #define PACKAGE "log4cpp"
| #define VERSION "1.0"
| #define STDC_HEADERS 1
| #define HAVE_SYS_TYPES_H 1
| #define HAVE_SYS_STAT_H 1
| #define HAVE_STDLIB_H 1
| #define HAVE_STRING_H 1
| #define HAVE_MEMORY_H 1
| #define HAVE_STRINGS_H 1
| #define HAVE_INTTYPES_H 1
| #define HAVE_STDINT_H 1
| #define HAVE_UNISTD_H 1
| /* end confdefs.h.  */
| #include <stdio.h>
| #ifdef HAVE_SYS_TYPES_H
| # include <sys/types.h>
| #endif
| #ifdef HAVE_SYS_STAT_H
| # include <sys/stat.h>
| #endif
| #ifdef STDC_HEADERS
| # include <stdlib.h>
| # include <stddef.h>
| #else
| # ifdef HAVE_STDLIB_H
| #  include <stdlib.h>
| # endif
| #endif
| #ifdef HAVE_STRING_H
| # if !defined STDC_HEADERS && defined HAVE_MEMORY_H
| #  include <memory.h>
| # endif
| # include <string.h>
| #endif
| #ifdef HAVE_STRINGS_H
| # include <strings.h>
| #endif
| #ifdef HAVE_INTTYPES_H
| # include <inttypes.h>
| #endif
| #ifdef HAVE_STDINT_H
| # include <stdint.h>
| #endif
| #ifdef HAVE_UNISTD_H
| # include <unistd.h>
| #endif
| #include <dlfcn.h>
configure:5096: result: no
configure:5100: checking dlfcn.h presence
configure:5115: gcc -E  conftest.c
conftest.c:20:19: fatal error: dlfcn.h: No such file or directory
compilation terminated.
configure:5121: $? = 1
configure: failed program was:
| /* confdefs.h.  */
| #define PACKAGE_NAME "log4cpp"
| #define PACKAGE_TARNAME "log4cpp"
| #define PACKAGE_VERSION "1.0"
| #define PACKAGE_STRING "log4cpp 1.0"
| #define PACKAGE_BUGREPORT ""
| #define PACKAGE "log4cpp"
| #define VERSION "1.0"
| #define STDC_HEADERS 1
| #define HAVE_SYS_TYPES_H 1
| #define HAVE_SYS_STAT_H 1
| #define HAVE_STDLIB_H 1
| #define HAVE_STRING_H 1
| #define HAVE_MEMORY_H 1
| #define HAVE_STRINGS_H 1
| #define HAVE_INTTYPES_H 1
| #define HAVE_STDINT_H 1
| #define HAVE_UNISTD_H 1
| /* end confdefs.h.  */
| #include <dlfcn.h>
configure:5135: result: no
configure:5163: checking for dlfcn.h
configure:5171: result: no
configure:5242: checking for g++
configure:5258: found /mingw/bin/g++
configure:5269: result: g++
configure:5300: checking for C++ compiler version
configure:5307: g++ --version >&5
g++.exe (GCC) 4.6.1
Copyright (C) 2011 Free Software Foundation, Inc.
This is free software; see the source for copying conditions.  There is NO
warranty; not even for MERCHANTABILITY or FITNESS FOR A PARTICULAR PURPOSE.

configure:5310: $? = 0
configure:5317: g++ -v >&5
Using built-in specs.
COLLECT_GCC=C:\MinGW\bin\g++.exe
COLLECT_LTO_WRAPPER=c:/mingw/bin/../libexec/gcc/mingw32/4.6.1/lto-wrapper.exe
Target: mingw32
Configured with: ../gcc-4.6.1/configure --enable-languages=c,c++,fortran,objc,obj-c++ --disable-sjlj-exceptions --with-dwarf2 --enable-shared --enable-libgomp --disable-win32-registry --enable-libstdcxx-debug --enable-version-specific-runtime-libs --build=mingw32 --prefix=/mingw
Thread model: win32
gcc version 4.6.1 (GCC) 
configure:5320: $? = 0
configure:5327: g++ -V >&5
g++.exe: error: unrecognized option '-V'
g++.exe: fatal error: no input files
compilation terminated.
configure:5330: $? = 1
configure:5333: checking whether we are using the GNU C++ compiler
configure:5362: g++ -c   conftest.cpp >&5
configure:5368: $? = 0
configure:5385: result: yes
configure:5390: checking whether g++ accepts -g
configure:5420: g++ -c -g  conftest.cpp >&5
configure:5426: $? = 0
configure:5525: result: yes
configure:5550: checking dependency style of g++
configure:5641: result: gcc3
configure:5666: checking how to run the C++ preprocessor
configure:5702: g++ -E  conftest.cpp
configure:5708: $? = 0
configure:5739: g++ -E  conftest.cpp
conftest.cpp:20:28: fatal error: ac_nonexistent.h: No such file or directory
compilation terminated.
configure:5745: $? = 1
configure: failed program was:
| /* confdefs.h.  */
| #define PACKAGE_NAME "log4cpp"
| #define PACKAGE_TARNAME "log4cpp"
| #define PACKAGE_VERSION "1.0"
| #define PACKAGE_STRING "log4cpp 1.0"
| #define PACKAGE_BUGREPORT ""
| #define PACKAGE "log4cpp"
| #define VERSION "1.0"
| #define STDC_HEADERS 1
| #define HAVE_SYS_TYPES_H 1
| #define HAVE_SYS_STAT_H 1
| #define HAVE_STDLIB_H 1
| #define HAVE_STRING_H 1
| #define HAVE_MEMORY_H 1
| #define HAVE_STRINGS_H 1
| #define HAVE_INTTYPES_H 1
| #define HAVE_STDINT_H 1
| #define HAVE_UNISTD_H 1
| /* end confdefs.h.  */
| #include <ac_nonexistent.h>
configure:5778: result: g++ -E
configure:5807: g++ -E  conftest.cpp
configure:5813: $? = 0
configure:5844: g++ -E  conftest.cpp
conftest.cpp:20:28: fatal error: ac_nonexistent.h: No such file or directory
compilation terminated.
configure:5850: $? = 1
configure: failed program was:
| /* confdefs.h.  */
| #define PACKAGE_NAME "log4cpp"
| #define PACKAGE_TARNAME "log4cpp"
| #define PACKAGE_VERSION "1.0"
| #define PACKAGE_STRING "log4cpp 1.0"
| #define PACKAGE_BUGREPORT ""
| #define PACKAGE "log4cpp"
| #define VERSION "1.0"
| #define STDC_HEADERS 1
| #define HAVE_SYS_TYPES_H 1
| #define HAVE_SYS_STAT_H 1
| #define HAVE_STDLIB_H 1
| #define HAVE_STRING_H 1
| #define HAVE_MEMORY_H 1
| #define HAVE_STRINGS_H 1
| #define HAVE_INTTYPES_H 1
| #define HAVE_STDINT_H 1
| #define HAVE_UNISTD_H 1
| /* end confdefs.h.  */
| #include <ac_nonexistent.h>
configure:5943: checking for g77
configure:5973: result: no
configure:5943: checking for xlf
configure:5973: result: no
configure:5943: checking for f77
configure:5973: result: no
configure:5943: checking for frt
configure:5973: result: no
configure:5943: checking for pgf77
configure:5973: result: no
configure:5943: checking for cf77
configure:5973: result: no
configure:5943: checking for fort77
configure:5973: result: no
configure:5943: checking for fl32
configure:5973: result: no
configure:5943: checking for af77
configure:5973: result: no
configure:5943: checking for xlf90
configure:5973: result: no
configure:5943: checking for f90
configure:5973: result: no
configure:5943: checking for pgf90
configure:5973: result: no
configure:5943: checking for pghpf
configure:5973: result: no
configure:5943: checking for epcf90
configure:5973: result: no
configure:5943: checking for gfortran
configure:5973: result: no
configure:5943: checking for g95
configure:5973: result: no
configure:5943: checking for xlf95
configure:5973: result: no
configure:5943: checking for f95
configure:5973: result: no
configure:5943: checking for fort
configure:5973: result: no
configure:5943: checking for ifort
configure:5973: result: no
configure:5943: checking for ifc
configure:5973: result: no
configure:5943: checking for efc
configure:5973: result: no
configure:5943: checking for pgf95
configure:5973: result: no
configure:5943: checking for lf95
configure:5973: result: no
configure:5943: checking for ftn
configure:5973: result: no
configure:6000: checking for Fortran 77 compiler version
configure:6007:  --version >&5
./configure: line 6008: --version: command not found
configure:6010: $? = 127
configure:6017:  -v >&5
./configure: line 6018: -v: command not found
configure:6020: $? = 127
configure:6027:  -V >&5
./configure: line 6028: -V: command not found
configure:6030: $? = 127
configure:6038: checking whether we are using the GNU Fortran 77 compiler
configure:6057:  -c  conftest.F >&5
./configure: line 6058: -c: command not found
configure:6063: $? = 127
configure: failed program was:
|       program main
| #ifndef __GNUC__
|        choke me
| #endif
| 
|       end
configure:6080: result: no
configure:6086: checking whether  accepts -g
configure:6103:  -c -g conftest.f >&5
./configure: line 6104: -c: command not found
configure:6109: $? = 127
configure: failed program was:
|       program main
| 
|       end
configure:6125: result: no
configure:6155: checking the maximum length of command line arguments
configure:6267: result: 8192
configure:6279: checking command to parse /mingw/bin/nm output from gcc object
configure:6384: gcc -c -g -O2  conftest.c >&5
configure:6387: $? = 0
configure:6391: /mingw/bin/nm conftest.o \| sed -n -e 's/^.*[ 	]\([ABCDGIRSTW][ABCDGIRSTW]*\)[ 	][ 	]*\([_A-Za-z][_A-Za-z0-9]*\)\{0,1\}$/\1 \2 \2/p' \> conftest.nm
configure:6394: $? = 0
cannot find nm_test_var in conftest.nm
configure:6384: gcc -c -g -O2  conftest.c >&5
configure:6387: $? = 0
configure:6391: /mingw/bin/nm conftest.o \| sed -n -e 's/^.*[ 	]\([ABCDGIRSTW][ABCDGIRSTW]*\)[ 	][ 	]*_\([_A-Za-z][_A-Za-z0-9]*\)\{0,1\}$/\1 _\2 \2/p' \> conftest.nm
configure:6394: $? = 0
configure:6446: gcc -o conftest.exe -g -O2   conftest.c conftstm.o >&5
configure:6449: $? = 0
configure:6487: result: ok
configure:6491: checking for objdir
configure:6506: result: .libs
configure:6598: checking for ar
configure:6614: found /mingw/bin/ar
configure:6625: result: ar
configure:6694: checking for ranlib
configure:6710: found /mingw/bin/ranlib
configure:6721: result: ranlib
configure:6790: checking for strip
configure:6806: found /mingw/bin/strip
configure:6817: result: strip
configure:7054: checking for correct ltmain.sh version
configure:7104: result: yes
configure:7164: checking if gcc supports -fno-rtti -fno-exceptions
configure:7182: gcc -c -g -O2  -fno-rtti -fno-exceptions conftest.c >&5
cc1.exe: warning: command line option '-fno-rtti' is valid for C++/ObjC++ but not for C [enabled by default]
configure:7186: $? = 0
configure:7199: result: no
configure:7214: checking for gcc option to produce PIC
configure:7446: result: -DDLL_EXPORT
configure:7454: checking if gcc PIC flag -DDLL_EXPORT works
configure:7472: gcc -c -g -O2  -DDLL_EXPORT -DPIC conftest.c >&5
configure:7476: $? = 0
configure:7489: result: yes
configure:7517: checking if gcc static flag -static works
configure:7545: result: yes
configure:7555: checking if gcc supports -c -o file.o
configure:7576: gcc -c -g -O2  -o out/conftest2.o conftest.c >&5
configure:7580: $? = 0
configure:7602: result: yes
configure:7628: checking whether the gcc linker (c:/mingw/mingw32/bin/ld.exe) supports shared libraries
configure:8608: result: yes
configure:8629: checking whether -lc should be explicitly linked in
configure:8634: gcc -c -g -O2  conftest.c >&5
configure:8637: $? = 0
configure:8652: gcc -shared conftest.o  -v -o ./conftest -Wl,--enable-auto-image-base -Xlinker --out-implib -Xlinker conftest 2\>\&1 \| grep  -lc  \>/dev/null 2\>\&1
configure:8655: $? = 1
configure:8667: result: yes
configure:8675: checking dynamic linker characteristics
configure:9290: result: Win32 ld.exe
configure:9299: checking how to hardcode library paths into programs
configure:9324: result: immediate
configure:9338: checking whether stripping libraries is possible
configure:9343: result: yes
configure:10145: checking if libtool supports shared libraries
configure:10147: result: yes
configure:10150: checking whether to build shared libraries
configure:10171: result: yes
configure:10174: checking whether to build static libraries
configure:10178: result: yes
configure:10271: creating libtool
configure:10859: checking for ld used by g++
configure:10926: result: c:/mingw/mingw32/bin/ld.exe
configure:10935: checking if the linker (c:/mingw/mingw32/bin/ld.exe) is GNU ld
configure:10950: result: yes
configure:11001: checking whether the g++ linker (c:/mingw/mingw32/bin/ld.exe) supports shared libraries
configure:11975: result: yes
configure:11993: g++ -c -g -O2  conftest.cpp >&5
configure:11996: $? = 0
configure:12148: checking for g++ option to produce PIC
configure:12432: result: -DDLL_EXPORT
configure:12440: checking if g++ PIC flag -DDLL_EXPORT works
configure:12458: g++ -c -g -O2  -DDLL_EXPORT -DPIC conftest.cpp >&5
configure:12462: $? = 0
configure:12475: result: yes
configure:12503: checking if g++ static flag -static works
configure:12531: result: yes
configure:12541: checking if g++ supports -c -o file.o
configure:12562: g++ -c -g -O2  -o out/conftest2.o conftest.cpp >&5
configure:12566: $? = 0
configure:12588: result: yes
configure:12614: checking whether the g++ linker (c:/mingw/mingw32/bin/ld.exe) supports shared libraries
configure:12639: result: yes
configure:12706: checking dynamic linker characteristics
configure:13269: result: Win32 ld.exe
configure:13278: checking how to hardcode library paths into programs
configure:13303: result: immediate
configure:19513: checking for a BSD-compatible install
configure:19569: result: /bin/install -c
configure:19580: checking whether make sets $(MAKE)
configure:19601: result: yes
configure:19727: checking for C++ compiler version
configure:19734: g++ --version >&5
g++.exe (GCC) 4.6.1
Copyright (C) 2011 Free Software Foundation, Inc.
This is free software; see the source for copying conditions.  There is NO
warranty; not even for MERCHANTABILITY or FITNESS FOR A PARTICULAR PURPOSE.

configure:19737: $? = 0
configure:19744: g++ -v >&5
Using built-in specs.
COLLECT_GCC=C:\MinGW\bin\g++.exe
COLLECT_LTO_WRAPPER=c:/mingw/bin/../libexec/gcc/mingw32/4.6.1/lto-wrapper.exe
Target: mingw32
Configured with: ../gcc-4.6.1/configure --enable-languages=c,c++,fortran,objc,obj-c++ --disable-sjlj-exceptions --with-dwarf2 --enable-shared --enable-libgomp --disable-win32-registry --enable-libstdcxx-debug --enable-version-specific-runtime-libs --build=mingw32 --prefix=/mingw
Thread model: win32
gcc version 4.6.1 (GCC) 
configure:19747: $? = 0
configure:19754: g++ -V >&5
g++.exe: error: unrecognized option '-V'
g++.exe: fatal error: no input files
compilation terminated.
configure:19757: $? = 1
configure:19760: checking whether we are using the GNU C++ compiler
configure:19812: result: yes
configure:19817: checking whether g++ accepts -g
configure:19952: result: yes
configure:19977: checking dependency style of g++
configure:20068: result: gcc3
configure:20094: checking how to run the C++ preprocessor
configure:20206: result: g++ -E
configure:20235: g++ -E  conftest.cpp
configure:20241: $? = 0
configure:20272: g++ -E  conftest.cpp
conftest.cpp:20:28: fatal error: ac_nonexistent.h: No such file or directory
compilation terminated.
configure:20278: $? = 1
configure: failed program was:
| /* confdefs.h.  */
| #define PACKAGE_NAME "log4cpp"
| #define PACKAGE_TARNAME "log4cpp"
| #define PACKAGE_VERSION "1.0"
| #define PACKAGE_STRING "log4cpp 1.0"
| #define PACKAGE_BUGREPORT ""
| #define PACKAGE "log4cpp"
| #define VERSION "1.0"
| #define STDC_HEADERS 1
| #define HAVE_SYS_TYPES_H 1
| #define HAVE_SYS_STAT_H 1
| #define HAVE_STDLIB_H 1
| #define HAVE_STRING_H 1
| #define HAVE_MEMORY_H 1
| #define HAVE_STRINGS_H 1
| #define HAVE_INTTYPES_H 1
| #define HAVE_STDINT_H 1
| #define HAVE_UNISTD_H 1
| /* end confdefs.h.  */
| #include <ac_nonexistent.h>
configure:20329: checking for unistd.h
configure:20335: result: yes
configure:20479: checking io.h usability
configure:20496: gcc -c  -O2 -DNDEBUG  conftest.c >&5
configure:20502: $? = 0
configure:20516: result: yes
configure:20520: checking io.h presence
configure:20535: gcc -E  conftest.c
configure:20541: $? = 0
configure:20555: result: yes
configure:20583: checking for io.h
configure:20591: result: yes
configure:20607: checking for int64_t
configure:20633: gcc -c  -O2 -DNDEBUG  conftest.c >&5
configure:20639: $? = 0
configure:20655: result: yes
configure:20670: checking for working snprintf
configure:20694: gcc -o conftest.exe  -O2 -DNDEBUG   conftest.c  >&5
conftest.c:22:0: warning: "HAVE_STDINT_H" redefined [enabled by default]
conftest.c:17:0: note: this is the location of the previous definition
conftest.c: In function 'main':
conftest.c:25:50: warning: incompatible implicit declaration of built-in function 'exit' [enabled by default]
configure:20697: $? = 0
configure:20703: ./conftest.exe
configure:20706: $? = 0
configure:20722: result: yes
configure:20738: checking for syslog
configure:20794: gcc -o conftest.exe  -O2 -DNDEBUG   conftest.c  >&5
conftest.c:22:0: warning: "HAVE_STDINT_H" redefined [enabled by default]
conftest.c:17:0: note: this is the location of the previous definition
C:\Users\cbh\AppData\Local\Temp\cc2i1XNf.o:conftest.c:(.text.startup+0xc): undefined reference to `syslog'
collect2: ld returned 1 exit status
configure:20800: $? = 1
configure: failed program was:
| /* confdefs.h.  */
| #define PACKAGE_NAME "log4cpp"
| #define PACKAGE_TARNAME "log4cpp"
| #define PACKAGE_VERSION "1.0"
| #define PACKAGE_STRING "log4cpp 1.0"
| #define PACKAGE_BUGREPORT ""
| #define PACKAGE "log4cpp"
| #define VERSION "1.0"
| #define STDC_HEADERS 1
| #define HAVE_SYS_TYPES_H 1
| #define HAVE_SYS_STAT_H 1
| #define HAVE_STDLIB_H 1
| #define HAVE_STRING_H 1
| #define HAVE_MEMORY_H 1
| #define HAVE_STRINGS_H 1
| #define HAVE_INTTYPES_H 1
| #define HAVE_STDINT_H 1
| #define HAVE_UNISTD_H 1
| #define HAVE_UNISTD_H 1
| #define HAVE_IO_H 1
| #define HAVE_INT64_T
| #define HAVE_STDINT_H
| #define HAVE_SNPRINTF
| /* end confdefs.h.  */
| /* Define syslog to an innocuous variant, in case <limits.h> declares syslog.
|    For example, HP-UX 11i <limits.h> declares gettimeofday.  */
| #define syslog innocuous_syslog
| 
| /* System header to define __stub macros and hopefully few prototypes,
|     which can conflict with char syslog (); below.
|     Prefer <limits.h> to <assert.h> if __STDC__ is defined, since
|     <limits.h> exists even on freestanding compilers.  */
| 
| #ifdef __STDC__
| # include <limits.h>
| #else
| # include <assert.h>
| #endif
| 
| #undef syslog
| 
| /* Override any GCC internal prototype to avoid an error.
|    Use char because int might match the return type of a GCC
|    builtin and then its argument prototype would still apply.  */
| #ifdef __cplusplus
| extern "C"
| #endif
| char syslog ();
| /* The GNU C library defines this for functions which it implements
|     to always fail with ENOSYS.  Some functions are actually named
|     something starting with __ and the normal name is an alias.  */
| #if defined __stub_syslog || defined __stub___syslog
| choke me
| #endif
| 
| int
| main ()
| {
| return syslog ();
|   ;
|   return 0;
| }
configure:20818: result: no
configure:20832: checking for gettimeofday
configure:20888: gcc -o conftest.exe  -O2 -DNDEBUG   conftest.c  >&5
conftest.c:22:0: warning: "HAVE_STDINT_H" redefined [enabled by default]
conftest.c:17:0: note: this is the location of the previous definition
configure:20894: $? = 0
configure:20912: result: yes
configure:20926: checking for ftime
configure:20982: gcc -o conftest.exe  -O2 -DNDEBUG   conftest.c  >&5
conftest.c:22:0: warning: "HAVE_STDINT_H" redefined [enabled by default]
conftest.c:17:0: note: this is the location of the previous definition
configure:20988: $? = 0
configure:21006: result: yes
configure:21020: checking for localtime_r
configure:21076: gcc -o conftest.exe  -O2 -DNDEBUG   conftest.c  >&5
conftest.c:22:0: warning: "HAVE_STDINT_H" redefined [enabled by default]
conftest.c:17:0: note: this is the location of the previous definition
C:\Users\cbh\AppData\Local\Temp\ccA4lRY8.o:conftest.c:(.text.startup+0xc): undefined reference to `localtime_r'
collect2: ld returned 1 exit status
configure:21082: $? = 1
configure: failed program was:
| /* confdefs.h.  */
| #define PACKAGE_NAME "log4cpp"
| #define PACKAGE_TARNAME "log4cpp"
| #define PACKAGE_VERSION "1.0"
| #define PACKAGE_STRING "log4cpp 1.0"
| #define PACKAGE_BUGREPORT ""
| #define PACKAGE "log4cpp"
| #define VERSION "1.0"
| #define STDC_HEADERS 1
| #define HAVE_SYS_TYPES_H 1
| #define HAVE_SYS_STAT_H 1
| #define HAVE_STDLIB_H 1
| #define HAVE_STRING_H 1
| #define HAVE_MEMORY_H 1
| #define HAVE_STRINGS_H 1
| #define HAVE_INTTYPES_H 1
| #define HAVE_STDINT_H 1
| #define HAVE_UNISTD_H 1
| #define HAVE_UNISTD_H 1
| #define HAVE_IO_H 1
| #define HAVE_INT64_T
| #define HAVE_STDINT_H
| #define HAVE_SNPRINTF
| #define HAVE_GETTIMEOFDAY 1
| #define HAVE_FTIME 1
| /* end confdefs.h.  */
| /* Define localtime_r to an innocuous variant, in case <limits.h> declares localtime_r.
|    For example, HP-UX 11i <limits.h> declares gettimeofday.  */
| #define localtime_r innocuous_localtime_r
| 
| /* System header to define __stub macros and hopefully few prototypes,
|     which can conflict with char localtime_r (); below.
|     Prefer <limits.h> to <assert.h> if __STDC__ is defined, since
|     <limits.h> exists even on freestanding compilers.  */
| 
| #ifdef __STDC__
| # include <limits.h>
| #else
| # include <assert.h>
| #endif
| 
| #undef localtime_r
| 
| /* Override any GCC internal prototype to avoid an error.
|    Use char because int might match the return type of a GCC
|    builtin and then its argument prototype would still apply.  */
| #ifdef __cplusplus
| extern "C"
| #endif
| char localtime_r ();
| /* The GNU C library defines this for functions which it implements
|     to always fail with ENOSYS.  Some functions are actually named
|     something starting with __ and the normal name is an alias.  */
| #if defined __stub_localtime_r || defined __stub___localtime_r
| choke me
| #endif
| 
| int
| main ()
| {
| return localtime_r ();
|   ;
|   return 0;
| }
configure:21100: result: no
configure:21115: checking for socket in -lsocket
configure:21150: gcc -o conftest.exe  -O2 -DNDEBUG   conftest.c -lsocket   >&5
conftest.c:22:0: warning: "HAVE_STDINT_H" redefined [enabled by default]
conftest.c:17:0: note: this is the location of the previous definition
c:/mingw/bin/../lib/gcc/mingw32/4.6.1/../../../../mingw32/bin/ld.exe: cannot find -lsocket
collect2: ld returned 1 exit status
configure:21156: $? = 1
configure: failed program was:
| /* confdefs.h.  */
| #define PACKAGE_NAME "log4cpp"
| #define PACKAGE_TARNAME "log4cpp"
| #define PACKAGE_VERSION "1.0"
| #define PACKAGE_STRING "log4cpp 1.0"
| #define PACKAGE_BUGREPORT ""
| #define PACKAGE "log4cpp"
| #define VERSION "1.0"
| #define STDC_HEADERS 1
| #define HAVE_SYS_TYPES_H 1
| #define HAVE_SYS_STAT_H 1
| #define HAVE_STDLIB_H 1
| #define HAVE_STRING_H 1
| #define HAVE_MEMORY_H 1
| #define HAVE_STRINGS_H 1
| #define HAVE_INTTYPES_H 1
| #define HAVE_STDINT_H 1
| #define HAVE_UNISTD_H 1
| #define HAVE_UNISTD_H 1
| #define HAVE_IO_H 1
| #define HAVE_INT64_T
| #define HAVE_STDINT_H
| #define HAVE_SNPRINTF
| #define HAVE_GETTIMEOFDAY 1
| #define HAVE_FTIME 1
| /* end confdefs.h.  */
| 
| /* Override any GCC internal prototype to avoid an error.
|    Use char because int might match the return type of a GCC
|    builtin and then its argument prototype would still apply.  */
| #ifdef __cplusplus
| extern "C"
| #endif
| char socket ();
| int
| main ()
| {
| return socket ();
|   ;
|   return 0;
| }
configure:21174: result: no
configure:21180: checking for gethostbyname in -lnsl
configure:21215: gcc -o conftest.exe  -O2 -DNDEBUG   conftest.c -lnsl   >&5
conftest.c:22:0: warning: "HAVE_STDINT_H" redefined [enabled by default]
conftest.c:17:0: note: this is the location of the previous definition
c:/mingw/bin/../lib/gcc/mingw32/4.6.1/../../../../mingw32/bin/ld.exe: cannot find -lnsl
collect2: ld returned 1 exit status
configure:21221: $? = 1
configure: failed program was:
| /* confdefs.h.  */
| #define PACKAGE_NAME "log4cpp"
| #define PACKAGE_TARNAME "log4cpp"
| #define PACKAGE_VERSION "1.0"
| #define PACKAGE_STRING "log4cpp 1.0"
| #define PACKAGE_BUGREPORT ""
| #define PACKAGE "log4cpp"
| #define VERSION "1.0"
| #define STDC_HEADERS 1
| #define HAVE_SYS_TYPES_H 1
| #define HAVE_SYS_STAT_H 1
| #define HAVE_STDLIB_H 1
| #define HAVE_STRING_H 1
| #define HAVE_MEMORY_H 1
| #define HAVE_STRINGS_H 1
| #define HAVE_INTTYPES_H 1
| #define HAVE_STDINT_H 1
| #define HAVE_UNISTD_H 1
| #define HAVE_UNISTD_H 1
| #define HAVE_IO_H 1
| #define HAVE_INT64_T
| #define HAVE_STDINT_H
| #define HAVE_SNPRINTF
| #define HAVE_GETTIMEOFDAY 1
| #define HAVE_FTIME 1
| /* end confdefs.h.  */
| 
| /* Override any GCC internal prototype to avoid an error.
|    Use char because int might match the return type of a GCC
|    builtin and then its argument prototype would still apply.  */
| #ifdef __cplusplus
| extern "C"
| #endif
| char gethostbyname ();
| int
| main ()
| {
| return gethostbyname ();
|   ;
|   return 0;
| }
configure:21239: result: no
configure:21439: checking for the pthreads library -lpthreads
configure:21482: gcc -o conftest.exe  -O2 -DNDEBUG    conftest.c -lpthreads  >&5
conftest.c:22:0: warning: "HAVE_STDINT_H" redefined [enabled by default]
conftest.c:17:0: note: this is the location of the previous definition
c:/mingw/bin/../lib/gcc/mingw32/4.6.1/../../../../mingw32/bin/ld.exe: cannot find -lpthreads
collect2: ld returned 1 exit status
configure:21488: $? = 1
configure: failed program was:
| /* confdefs.h.  */
| #define PACKAGE_NAME "log4cpp"
| #define PACKAGE_TARNAME "log4cpp"
| #define PACKAGE_VERSION "1.0"
| #define PACKAGE_STRING "log4cpp 1.0"
| #define PACKAGE_BUGREPORT ""
| #define PACKAGE "log4cpp"
| #define VERSION "1.0"
| #define STDC_HEADERS 1
| #define HAVE_SYS_TYPES_H 1
| #define HAVE_SYS_STAT_H 1
| #define HAVE_STDLIB_H 1
| #define HAVE_STRING_H 1
| #define HAVE_MEMORY_H 1
| #define HAVE_STRINGS_H 1
| #define HAVE_INTTYPES_H 1
| #define HAVE_STDINT_H 1
| #define HAVE_UNISTD_H 1
| #define HAVE_UNISTD_H 1
| #define HAVE_IO_H 1
| #define HAVE_INT64_T
| #define HAVE_STDINT_H
| #define HAVE_SNPRINTF
| #define HAVE_GETTIMEOFDAY 1
| #define HAVE_FTIME 1
| /* end confdefs.h.  */
| #include <pthread.h>
| int
| main ()
| {
| pthread_t th; pthread_join(th, 0);
|                      pthread_attr_init(0); pthread_cleanup_push(0, 0);
|                      pthread_create(0,0,0,0); pthread_cleanup_pop(0);
|   ;
|   return 0;
| }
configure:21508: result: no
configure:21384: checking whether pthreads work without any flags
configure:21482: gcc -o conftest.exe  -O2 -DNDEBUG    conftest.c   >&5
conftest.c:22:0: warning: "HAVE_STDINT_H" redefined [enabled by default]
conftest.c:17:0: note: this is the location of the previous definition
C:\Users\cbh\AppData\Local\Temp\ccCKAQc9.o:conftest.c:(.text.startup+0x27): undefined reference to `_imp__pthread_join'
C:\Users\cbh\AppData\Local\Temp\ccCKAQc9.o:conftest.c:(.text.startup+0x34): undefined reference to `_imp__pthread_attr_init'
C:\Users\cbh\AppData\Local\Temp\ccCKAQc9.o:conftest.c:(.text.startup+0x51): undefined reference to `_imp__ptw32_push_cleanup'
C:\Users\cbh\AppData\Local\Temp\ccCKAQc9.o:conftest.c:(.text.startup+0x76): undefined reference to `_imp__pthread_create'
C:\Users\cbh\AppData\Local\Temp\ccCKAQc9.o:conftest.c:(.text.startup+0x83): undefined reference to `_imp__ptw32_pop_cleanup'
collect2: ld returned 1 exit status
configure:21488: $? = 1
configure: failed program was:
| /* confdefs.h.  */
| #define PACKAGE_NAME "log4cpp"
| #define PACKAGE_TARNAME "log4cpp"
| #define PACKAGE_VERSION "1.0"
| #define PACKAGE_STRING "log4cpp 1.0"
| #define PACKAGE_BUGREPORT ""
| #define PACKAGE "log4cpp"
| #define VERSION "1.0"
| #define STDC_HEADERS 1
| #define HAVE_SYS_TYPES_H 1
| #define HAVE_SYS_STAT_H 1
| #define HAVE_STDLIB_H 1
| #define HAVE_STRING_H 1
| #define HAVE_MEMORY_H 1
| #define HAVE_STRINGS_H 1
| #define HAVE_INTTYPES_H 1
| #define HAVE_STDINT_H 1
| #define HAVE_UNISTD_H 1
| #define HAVE_UNISTD_H 1
| #define HAVE_IO_H 1
| #define HAVE_INT64_T
| #define HAVE_STDINT_H
| #define HAVE_SNPRINTF
| #define HAVE_GETTIMEOFDAY 1
| #define HAVE_FTIME 1
| /* end confdefs.h.  */
| #include <pthread.h>
| int
| main ()
| {
| pthread_t th; pthread_join(th, 0);
|                      pthread_attr_init(0); pthread_cleanup_push(0, 0);
|                      pthread_create(0,0,0,0); pthread_cleanup_pop(0);
|   ;
|   return 0;
| }
configure:21508: result: no
configure:21389: checking whether pthreads work with -Kthread
configure:21482: gcc -o conftest.exe  -O2 -DNDEBUG -Kthread   conftest.c   >&5
gcc.exe: error: unrecognized option '-Kthread'
configure:21488: $? = 1
configure: failed program was:
| /* confdefs.h.  */
| #define PACKAGE_NAME "log4cpp"
| #define PACKAGE_TARNAME "log4cpp"
| #define PACKAGE_VERSION "1.0"
| #define PACKAGE_STRING "log4cpp 1.0"
| #define PACKAGE_BUGREPORT ""
| #define PACKAGE "log4cpp"
| #define VERSION "1.0"
| #define STDC_HEADERS 1
| #define HAVE_SYS_TYPES_H 1
| #define HAVE_SYS_STAT_H 1
| #define HAVE_STDLIB_H 1
| #define HAVE_STRING_H 1
| #define HAVE_MEMORY_H 1
| #define HAVE_STRINGS_H 1
| #define HAVE_INTTYPES_H 1
| #define HAVE_STDINT_H 1
| #define HAVE_UNISTD_H 1
| #define HAVE_UNISTD_H 1
| #define HAVE_IO_H 1
| #define HAVE_INT64_T
| #define HAVE_STDINT_H
| #define HAVE_SNPRINTF
| #define HAVE_GETTIMEOFDAY 1
| #define HAVE_FTIME 1
| /* end confdefs.h.  */
| #include <pthread.h>
| int
| main ()
| {
| pthread_t th; pthread_join(th, 0);
|                      pthread_attr_init(0); pthread_cleanup_push(0, 0);
|                      pthread_create(0,0,0,0); pthread_cleanup_pop(0);
|   ;
|   return 0;
| }
configure:21508: result: no
configure:21389: checking whether pthreads work with -kthread
configure:21482: gcc -o conftest.exe  -O2 -DNDEBUG -kthread   conftest.c   >&5
gcc.exe: error: unrecognized option '-kthread'
configure:21488: $? = 1
configure: failed program was:
| /* confdefs.h.  */
| #define PACKAGE_NAME "log4cpp"
| #define PACKAGE_TARNAME "log4cpp"
| #define PACKAGE_VERSION "1.0"
| #define PACKAGE_STRING "log4cpp 1.0"
| #define PACKAGE_BUGREPORT ""
| #define PACKAGE "log4cpp"
| #define VERSION "1.0"
| #define STDC_HEADERS 1
| #define HAVE_SYS_TYPES_H 1
| #define HAVE_SYS_STAT_H 1
| #define HAVE_STDLIB_H 1
| #define HAVE_STRING_H 1
| #define HAVE_MEMORY_H 1
| #define HAVE_STRINGS_H 1
| #define HAVE_INTTYPES_H 1
| #define HAVE_STDINT_H 1
| #define HAVE_UNISTD_H 1
| #define HAVE_UNISTD_H 1
| #define HAVE_IO_H 1
| #define HAVE_INT64_T
| #define HAVE_STDINT_H
| #define HAVE_SNPRINTF
| #define HAVE_GETTIMEOFDAY 1
| #define HAVE_FTIME 1
| /* end confdefs.h.  */
| #include <pthread.h>
| int
| main ()
| {
| pthread_t th; pthread_join(th, 0);
|                      pthread_attr_init(0); pthread_cleanup_push(0, 0);
|                      pthread_create(0,0,0,0); pthread_cleanup_pop(0);
|   ;
|   return 0;
| }
configure:21508: result: no
configure:21439: checking for the pthreads library -llthread
configure:21482: gcc -o conftest.exe  -O2 -DNDEBUG    conftest.c -llthread  >&5
conftest.c:22:0: warning: "HAVE_STDINT_H" redefined [enabled by default]
conftest.c:17:0: note: this is the location of the previous definition
c:/mingw/bin/../lib/gcc/mingw32/4.6.1/../../../../mingw32/bin/ld.exe: cannot find -llthread
collect2: ld returned 1 exit status
configure:21488: $? = 1
configure: failed program was:
| /* confdefs.h.  */
| #define PACKAGE_NAME "log4cpp"
| #define PACKAGE_TARNAME "log4cpp"
| #define PACKAGE_VERSION "1.0"
| #define PACKAGE_STRING "log4cpp 1.0"
| #define PACKAGE_BUGREPORT ""
| #define PACKAGE "log4cpp"
| #define VERSION "1.0"
| #define STDC_HEADERS 1
| #define HAVE_SYS_TYPES_H 1
| #define HAVE_SYS_STAT_H 1
| #define HAVE_STDLIB_H 1
| #define HAVE_STRING_H 1
| #define HAVE_MEMORY_H 1
| #define HAVE_STRINGS_H 1
| #define HAVE_INTTYPES_H 1
| #define HAVE_STDINT_H 1
| #define HAVE_UNISTD_H 1
| #define HAVE_UNISTD_H 1
| #define HAVE_IO_H 1
| #define HAVE_INT64_T
| #define HAVE_STDINT_H
| #define HAVE_SNPRINTF
| #define HAVE_GETTIMEOFDAY 1
| #define HAVE_FTIME 1
| /* end confdefs.h.  */
| #include <pthread.h>
| int
| main ()
| {
| pthread_t th; pthread_join(th, 0);
|                      pthread_attr_init(0); pthread_cleanup_push(0, 0);
|                      pthread_create(0,0,0,0); pthread_cleanup_pop(0);
|   ;
|   return 0;
| }
configure:21508: result: no
configure:21389: checking whether pthreads work with -pthread
configure:21482: gcc -o conftest.exe  -O2 -DNDEBUG -pthread   conftest.c   >&5
gcc.exe: error: unrecognized option '-pthread'
configure:21488: $? = 1
configure: failed program was:
| /* confdefs.h.  */
| #define PACKAGE_NAME "log4cpp"
| #define PACKAGE_TARNAME "log4cpp"
| #define PACKAGE_VERSION "1.0"
| #define PACKAGE_STRING "log4cpp 1.0"
| #define PACKAGE_BUGREPORT ""
| #define PACKAGE "log4cpp"
| #define VERSION "1.0"
| #define STDC_HEADERS 1
| #define HAVE_SYS_TYPES_H 1
| #define HAVE_SYS_STAT_H 1
| #define HAVE_STDLIB_H 1
| #define HAVE_STRING_H 1
| #define HAVE_MEMORY_H 1
| #define HAVE_STRINGS_H 1
| #define HAVE_INTTYPES_H 1
| #define HAVE_STDINT_H 1
| #define HAVE_UNISTD_H 1
| #define HAVE_UNISTD_H 1
| #define HAVE_IO_H 1
| #define HAVE_INT64_T
| #define HAVE_STDINT_H
| #define HAVE_SNPRINTF
| #define HAVE_GETTIMEOFDAY 1
| #define HAVE_FTIME 1
| /* end confdefs.h.  */
| #include <pthread.h>
| int
| main ()
| {
| pthread_t th; pthread_join(th, 0);
|                      pthread_attr_init(0); pthread_cleanup_push(0, 0);
|                      pthread_create(0,0,0,0); pthread_cleanup_pop(0);
|   ;
|   return 0;
| }
configure:21508: result: no
configure:21389: checking whether pthreads work with -pthreads
configure:21482: gcc -o conftest.exe  -O2 -DNDEBUG -pthreads   conftest.c   >&5
gcc.exe: error: unrecognized option '-pthreads'
configure:21488: $? = 1
configure: failed program was:
| /* confdefs.h.  */
| #define PACKAGE_NAME "log4cpp"
| #define PACKAGE_TARNAME "log4cpp"
| #define PACKAGE_VERSION "1.0"
| #define PACKAGE_STRING "log4cpp 1.0"
| #define PACKAGE_BUGREPORT ""
| #define PACKAGE "log4cpp"
| #define VERSION "1.0"
| #define STDC_HEADERS 1
| #define HAVE_SYS_TYPES_H 1
| #define HAVE_SYS_STAT_H 1
| #define HAVE_STDLIB_H 1
| #define HAVE_STRING_H 1
| #define HAVE_MEMORY_H 1
| #define HAVE_STRINGS_H 1
| #define HAVE_INTTYPES_H 1
| #define HAVE_STDINT_H 1
| #define HAVE_UNISTD_H 1
| #define HAVE_UNISTD_H 1
| #define HAVE_IO_H 1
| #define HAVE_INT64_T
| #define HAVE_STDINT_H
| #define HAVE_SNPRINTF
| #define HAVE_GETTIMEOFDAY 1
| #define HAVE_FTIME 1
| /* end confdefs.h.  */
| #include <pthread.h>
| int
| main ()
| {
| pthread_t th; pthread_join(th, 0);
|                      pthread_attr_init(0); pthread_cleanup_push(0, 0);
|                      pthread_create(0,0,0,0); pthread_cleanup_pop(0);
|   ;
|   return 0;
| }
configure:21508: result: no
configure:21389: checking whether pthreads work with -mthreads
configure:21482: gcc -o conftest.exe  -O2 -DNDEBUG -mthreads   conftest.c   >&5
conftest.c:22:0: warning: "HAVE_STDINT_H" redefined [enabled by default]
conftest.c:17:0: note: this is the location of the previous definition
C:\Users\cbh\AppData\Local\Temp\ccwmnlGc.o:conftest.c:(.text.startup+0x27): undefined reference to `_imp__pthread_join'
C:\Users\cbh\AppData\Local\Temp\ccwmnlGc.o:conftest.c:(.text.startup+0x34): undefined reference to `_imp__pthread_attr_init'
C:\Users\cbh\AppData\Local\Temp\ccwmnlGc.o:conftest.c:(.text.startup+0x51): undefined reference to `_imp__ptw32_push_cleanup'
C:\Users\cbh\AppData\Local\Temp\ccwmnlGc.o:conftest.c:(.text.startup+0x76): undefined reference to `_imp__pthread_create'
C:\Users\cbh\AppData\Local\Temp\ccwmnlGc.o:conftest.c:(.text.startup+0x83): undefined reference to `_imp__ptw32_pop_cleanup'
collect2: ld returned 1 exit status
configure:21488: $? = 1
configure: failed program was:
| /* confdefs.h.  */
| #define PACKAGE_NAME "log4cpp"
| #define PACKAGE_TARNAME "log4cpp"
| #define PACKAGE_VERSION "1.0"
| #define PACKAGE_STRING "log4cpp 1.0"
| #define PACKAGE_BUGREPORT ""
| #define PACKAGE "log4cpp"
| #define VERSION "1.0"
| #define STDC_HEADERS 1
| #define HAVE_SYS_TYPES_H 1
| #define HAVE_SYS_STAT_H 1
| #define HAVE_STDLIB_H 1
| #define HAVE_STRING_H 1
| #define HAVE_MEMORY_H 1
| #define HAVE_STRINGS_H 1
| #define HAVE_INTTYPES_H 1
| #define HAVE_STDINT_H 1
| #define HAVE_UNISTD_H 1
| #define HAVE_UNISTD_H 1
| #define HAVE_IO_H 1
| #define HAVE_INT64_T
| #define HAVE_STDINT_H
| #define HAVE_SNPRINTF
| #define HAVE_GETTIMEOFDAY 1
| #define HAVE_FTIME 1
| /* end confdefs.h.  */
| #include <pthread.h>
| int
| main ()
| {
| pthread_t th; pthread_join(th, 0);
|                      pthread_attr_init(0); pthread_cleanup_push(0, 0);
|                      pthread_create(0,0,0,0); pthread_cleanup_pop(0);
|   ;
|   return 0;
| }
configure:21508: result: no
configure:21439: checking for the pthreads library -lpthread
configure:21482: gcc -o conftest.exe  -O2 -DNDEBUG    conftest.c -lpthread  >&5
conftest.c:22:0: warning: "HAVE_STDINT_H" redefined [enabled by default]
conftest.c:17:0: note: this is the location of the previous definition
configure:21488: $? = 0
configure:21508: result: yes
configure:21527: checking for joinable pthread attribute
configure:21552: gcc -o conftest.exe  -O2 -DNDEBUG    conftest.c -lpthread  >&5
conftest.c:22:0: warning: "HAVE_STDINT_H" redefined [enabled by default]
conftest.c:17:0: note: this is the location of the previous definition
configure:21558: $? = 0
configure:21575: result: PTHREAD_CREATE_JOINABLE
configure:21585: checking if more special flags are required for pthreads
configure:21599: result: no
configure:21710: checking whether the compiler implements namespaces
configure:21742: g++ -c   -O2 -DNDEBUG  conftest.cpp >&5
conftest.cpp:22:0: warning: "HAVE_STDINT_H" redefined [enabled by default]
conftest.cpp:17:0: note: this is the location of the previous definition
configure:21748: $? = 0
configure:21770: result: yes
configure:21780: checking whether the compiler has stringstream
configure:21816: g++ -c   -O2 -DNDEBUG  conftest.cpp >&5
conftest.cpp:22:0: warning: "HAVE_STDINT_H" redefined [enabled by default]
conftest.cpp:17:0: note: this is the location of the previous definition
configure:21822: $? = 0
configure:21844: result: yes
configure:21967: checking for doxygen
configure:22000: result: no
configure:22127: creating log4cpp-config.in
configure:22300: creating log4cpp.pc.in
configure:22486: creating ./config.status

## ---------------------- ##
## Running config.status. ##
## ---------------------- ##

This file was extended by log4cpp config.status 1.0, which was
generated by GNU Autoconf 2.61.  Invocation command line was

  CONFIG_FILES    = 
  CONFIG_HEADERS  = 
  CONFIG_LINKS    = 
  CONFIG_COMMANDS = 
  $ ./config.status 

on 2012-0210-1021

config.status:712: creating Makefile
config.status:712: creating log4cpp.spec
config.status:712: creating log4cpp.pc
config.status:712: creating log4cpp-config
config.status:852: WARNING:  log4cpp-config.in seems to ignore the --datarootdir setting
config.status:712: creating config/Makefile
config.status:712: creating doc/Makefile
config.status:712: creating doc/Doxyfile
config.status:712: creating doc/html/Makefile
config.status:712: creating src/Makefile
config.status:712: creating include/Makefile
config.status:712: creating include/log4cpp/Makefile
config.status:712: creating include/log4cpp/threading/Makefile
config.status:712: creating tests/Makefile
config.status:712: creating msvc6/Makefile
config.status:712: creating msvc6/log4cpp/Makefile
config.status:712: creating msvc6/log4cppDLL/Makefile
config.status:712: creating msvc6/testCategory/Makefile
config.status:712: creating msvc6/testDLL/Makefile
config.status:712: creating msvc6/testMain/Makefile
config.status:712: creating msvc6/testNDC/Makefile
config.status:712: creating msvc6/testNTEventLog/Makefile
config.status:712: creating msvc6/testPattern/Makefile
config.status:712: creating bcb5/Makefile
config.status:712: creating bcb5/log4cpp/Makefile
config.status:712: creating bcb5/testCategory/Makefile
config.status:712: creating bcb5/testConfig/Makefile
config.status:712: creating bcb5/testFixedContextCategory/Makefile
config.status:712: creating bcb5/testmain/Makefile
config.status:712: creating bcb5/testNDC/Makefile
config.status:712: creating bcb5/testPattern/Makefile
config.status:712: creating openvms/Makefile
config.status:712: creating include/config.h
config.status:995: executing depfiles commands
configure:23831: result: creating include/log4cpp/config.h - prefix LOG4CPP for include/config.h defines

## ---------------- ##
## Cache variables. ##
## ---------------- ##

ac_cv_build=i686-pc-mingw32
ac_cv_c_compiler_gnu=yes
ac_cv_c_int64_t=yes
ac_cv_cxx_compiler_gnu=yes
ac_cv_cxx_have_sstream=yes
ac_cv_cxx_namespaces=yes
ac_cv_env_CCC_set=
ac_cv_env_CCC_value=
ac_cv_env_CC_set=
ac_cv_env_CC_value=
ac_cv_env_CFLAGS_set=
ac_cv_env_CFLAGS_value=
ac_cv_env_CPPFLAGS_set=
ac_cv_env_CPPFLAGS_value=
ac_cv_env_CPP_set=
ac_cv_env_CPP_value=
ac_cv_env_CXXCPP_set=
ac_cv_env_CXXCPP_value=
ac_cv_env_CXXFLAGS_set=
ac_cv_env_CXXFLAGS_value=
ac_cv_env_CXX_set=
ac_cv_env_CXX_value=
ac_cv_env_F77_set=
ac_cv_env_F77_value=
ac_cv_env_FFLAGS_set=
ac_cv_env_FFLAGS_value=
ac_cv_env_LDFLAGS_set=
ac_cv_env_LDFLAGS_value=
ac_cv_env_LIBS_set=
ac_cv_env_LIBS_value=
ac_cv_env_build_alias_set=
ac_cv_env_build_alias_value=
ac_cv_env_host_alias_set=
ac_cv_env_host_alias_value=
ac_cv_env_target_alias_set=
ac_cv_env_target_alias_value=
ac_cv_exeext=.exe
ac_cv_f77_compiler_gnu=no
ac_cv_func_ftime=yes
ac_cv_func_gettimeofday=yes
ac_cv_func_localtime_r=no
ac_cv_func_snprintf=yes
ac_cv_func_syslog=no
ac_cv_header_dlfcn_h=no
ac_cv_header_inttypes_h=yes
ac_cv_header_io_h=yes
ac_cv_header_memory_h=yes
ac_cv_header_stdc=yes
ac_cv_header_stdint_h=yes
ac_cv_header_stdlib_h=yes
ac_cv_header_string_h=yes
ac_cv_header_strings_h=yes
ac_cv_header_sys_stat_h=yes
ac_cv_header_sys_types_h=yes
ac_cv_header_unistd_h=yes
ac_cv_host=i686-pc-mingw32
ac_cv_lib_nsl_gethostbyname=no
ac_cv_lib_socket_socket=no
ac_cv_objext=o
ac_cv_path_EGREP='/bin/grep -E'
ac_cv_path_GREP=/bin/grep
ac_cv_path_install='/bin/install -c'
ac_cv_path_mkdir=/bin/mkdir
ac_cv_prog_AWK=gawk
ac_cv_prog_CPP='gcc -E'
ac_cv_prog_CXXCPP='g++ -E'
ac_cv_prog_ac_ct_AR=ar
ac_cv_prog_ac_ct_CC=gcc
ac_cv_prog_ac_ct_CXX=g++
ac_cv_prog_ac_ct_RANLIB=ranlib
ac_cv_prog_ac_ct_STRIP=strip
ac_cv_prog_cc_c89=
ac_cv_prog_cc_g=yes
ac_cv_prog_cxx_g=yes
ac_cv_prog_f77_g=no
ac_cv_prog_make_make_set=yes
am_cv_CC_dependencies_compiler_type=gcc3
am_cv_CXX_dependencies_compiler_type=gcc3
lt_cv_deplibs_check_method='file_magic ^x86 archive import|^x86 DLL'
lt_cv_file_magic_cmd=func_win32_libid
lt_cv_file_magic_test_file=
lt_cv_ld_reload_flag=-r
lt_cv_objdir=.libs
lt_cv_path_LD=c:/mingw/mingw32/bin/ld.exe
lt_cv_path_LDCXX=c:/mingw/mingw32/bin/ld.exe
lt_cv_path_NM=/mingw/bin/nm
lt_cv_path_SED=/bin/sed
lt_cv_prog_compiler_c_o=yes
lt_cv_prog_compiler_c_o_CXX=yes
lt_cv_prog_compiler_rtti_exceptions=no
lt_cv_prog_gnu_ld=yes
lt_cv_prog_gnu_ldcxx=yes
lt_cv_sys_global_symbol_pipe='sed -n -e '\''s/^.*[ 	]\([ABCDGIRSTW][ABCDGIRSTW]*\)[ 	][ 	]*_\([_A-Za-z][_A-Za-z0-9]*\)\{0,1\}$/\1 _\2 \2/p'\'''
lt_cv_sys_global_symbol_to_c_name_address='sed -n -e '\''s/^: \([^ ]*\) $/  {\"\1\", (lt_ptr) 0},/p'\'' -e '\''s/^[BCDEGRST] \([^ ]*\) \([^ ]*\)$/  {"\2", (lt_ptr) \&\2},/p'\'''
lt_cv_sys_global_symbol_to_cdecl='sed -n -e '\''s/^. .* \(.*\)$/extern int \1;/p'\'''
lt_cv_sys_max_cmd_len=8192
lt_lt_cv_prog_compiler_c_o='"yes"'
lt_lt_cv_prog_compiler_c_o_CXX='"yes"'
lt_lt_cv_sys_global_symbol_pipe='"sed -n -e '\''s/^.*[ 	]\\([ABCDGIRSTW][ABCDGIRSTW]*\\)[ 	][ 	]*_\\([_A-Za-z][_A-Za-z0-9]*\\)\\{0,1\\}\$/\\1 _\\2 \\2/p'\''"'
lt_lt_cv_sys_global_symbol_to_c_name_address='"sed -n -e '\''s/^: \\([^ ]*\\) \$/  {\\\"\\1\\\", (lt_ptr) 0},/p'\'' -e '\''s/^[BCDEGRST] \\([^ ]*\\) \\([^ ]*\\)\$/  {\"\\2\", (lt_ptr) \\&\\2},/p'\''"'
lt_lt_cv_sys_global_symbol_to_cdecl='"sed -n -e '\''s/^. .* \\(.*\\)\$/extern int \\1;/p'\''"'

## ----------------- ##
## Output variables. ##
## ----------------- ##

ACLOCAL='${SHELL} /e/pwngs_win/log4cpp-1.0/config/missing --run aclocal-1.10'
AMDEPBACKSLASH='\'
AMDEP_FALSE='#'
AMDEP_TRUE=''
AMTAR='${SHELL} /e/pwngs_win/log4cpp-1.0/config/missing --run tar'
AR='ar'
AUTOCONF='${SHELL} /e/pwngs_win/log4cpp-1.0/config/missing --run autoconf'
AUTOHEADER='${SHELL} /e/pwngs_win/log4cpp-1.0/config/missing --run autoheader'
AUTOMAKE='${SHELL} /e/pwngs_win/log4cpp-1.0/config/missing --run automake-1.10'
AWK='gawk'
CC='gcc'
CCDEPMODE='depmode=gcc3'
CFLAGS='  -O2 -DNDEBUG -Wall -Wno-unused -pedantic'
CPP='gcc -E'
CPPFLAGS=''
CXX='g++'
CXXCPP='g++ -E'
CXXDEPMODE='depmode=gcc3'
CXXFLAGS='  -O2 -DNDEBUG -Wall -Wno-unused -pedantic'
CYGPATH_W='echo'
DEFS='-DHAVE_CONFIG_H'
DEPDIR='.deps'
DOC_FALSE=''
DOC_TRUE='#'
DOT=''
DOXYGEN=''
ECHO='echo'
ECHO_C=''
ECHO_N='-n'
ECHO_T=''
EGREP='/bin/grep -E'
EXEEXT='.exe'
F77=''
FFLAGS=''
GREP='/bin/grep'
INSTALL_DATA='${INSTALL} -m 644'
INSTALL_PROGRAM='${INSTALL}'
INSTALL_SCRIPT='${INSTALL}'
INSTALL_STRIP_PROGRAM='$(install_sh) -c -s'
LDFLAGS=''
LIBOBJS=''
LIBS='-lpthread '
LIBTOOL='$(SHELL) $(top_builddir)/libtool'
LN_S='cp -p'
LOG4CPP_CONFIG='log4cpp-config'
LOG4CPP_CONFLICTS=''
LOG4CPP_PKGCONFIG='log4cpp-config'
LOG4CPP_REQUIRES=''
LOG4CPP_VERSION='1.0'
LTLIBOBJS=''
LT_VERSION='4:6:0'
MAKEINFO='${SHELL} /e/pwngs_win/log4cpp-1.0/config/missing --run makeinfo'
OBJEXT='o'
PACKAGE='log4cpp'
PACKAGE_BUGREPORT=''
PACKAGE_NAME='log4cpp'
PACKAGE_STRING='log4cpp 1.0'
PACKAGE_TARNAME='log4cpp'
PACKAGE_VERSION='1.0'
PATH_SEPARATOR=':'
PTHREAD_CC='gcc'
PTHREAD_CFLAGS=''
PTHREAD_LIBS='-lpthread'
RANLIB='ranlib'
SED='/bin/sed'
SET_MAKE=''
SHELL='/bin/sh'
STRIP='strip'
VERSION='1.0'
ac_ct_CC='gcc'
ac_ct_CXX='g++'
ac_ct_F77=''
acx_pthread_config=''
am__fastdepCC_FALSE='#'
am__fastdepCC_TRUE=''
am__fastdepCXX_FALSE='#'
am__fastdepCXX_TRUE=''
am__include='include'
am__isrc=''
am__leading_dot='.'
am__quote=''
am__tar='${AMTAR} chof - "$$tardir"'
am__untar='${AMTAR} xf -'
bindir='${exec_prefix}/bin'
build='i686-pc-mingw32'
build_alias=''
build_cpu='i686'
build_os='mingw32'
build_vendor='pc'
datadir='${datarootdir}'
datarootdir='${prefix}/share'
docdir='${datarootdir}/doc/${PACKAGE_TARNAME}'
dvidir='${docdir}'
enable_dot='no'
enable_html_docs='yes'
enable_latex_docs='no'
exec_prefix='${prefix}'
host='i686-pc-mingw32'
host_alias=''
host_cpu='i686'
host_os='mingw32'
host_vendor='pc'
htmldir='${docdir}'
includedir='${prefix}/include'
infodir='${datarootdir}/info'
install_sh='$(SHELL) /e/pwngs_win/log4cpp-1.0/config/install-sh'
libdir='${exec_prefix}/lib'
libexecdir='${exec_prefix}/libexec'
localedir='${datarootdir}/locale'
localstatedir='${prefix}/var'
log4cpp_cflags='  -O2 -DNDEBUG'
log4cpp_libs='-llog4cpp -lpthread '
mandir='${datarootdir}/man'
mkdir_p='/bin/mkdir -p'
oldincludedir='/usr/include'
pdfdir='${docdir}'
prefix='/usr/local'
program_transform_name='s,x,x,'
psdir='${docdir}'
sbindir='${exec_prefix}/sbin'
sharedstatedir='${prefix}/com'
sysconfdir='${prefix}/etc'
target=''
target_alias=''

## ----------- ##
## confdefs.h. ##
## ----------- ##

#define PACKAGE_NAME "log4cpp"
#define PACKAGE_TARNAME "log4cpp"
#define PACKAGE_VERSION "1.0"
#define PACKAGE_STRING "log4cpp 1.0"
#define PACKAGE_BUGREPORT ""
#define PACKAGE "log4cpp"
#define VERSION "1.0"
#define STDC_HEADERS 1
#define HAVE_SYS_TYPES_H 1
#define HAVE_SYS_STAT_H 1
#define HAVE_STDLIB_H 1
#define HAVE_STRING_H 1
#define HAVE_MEMORY_H 1
#define HAVE_STRINGS_H 1
#define HAVE_INTTYPES_H 1
#define HAVE_STDINT_H 1
#define HAVE_UNISTD_H 1
#define HAVE_UNISTD_H 1
#define HAVE_IO_H 1
#define HAVE_INT64_T
#define HAVE_STDINT_H
#define HAVE_SNPRINTF
#define HAVE_GETTIMEOFDAY 1
#define HAVE_FTIME 1
#define HAVE_PTHREAD 1
#define HAVE_THREADING 1
#define USE_PTHREADS 1
#define HAVE_NAMESPACES
#define HAVE_SSTREAM

configure: exit 0
